#
# There is insufficient memory for the Java Runtime Environment to continue.
# Native memory allocation (malloc) failed to allocate 477616 bytes for Chunk::new
# Possible reasons:
#   The system is out of physical RAM or swap space
#   The process is running with CompressedOops enabled, and the Java Heap may be blocking the growth of the native heap
# Possible solutions:
#   Reduce memory load on the system
#   Increase physical memory or swap space
#   Check if swap backing store is full
#   Decrease Java heap size (-Xmx/-Xms)
#   Decrease number of Java threads
#   Decrease Java thread stack sizes (-Xss)
#   Set larger code cache with -XX:ReservedCodeCacheSize=
#   JVM is running with Zero Based Compressed Oops mode in which the Java heap is
#     placed in the first 32GB address space. The Java Heap base address is the
#     maximum limit for the native heap growth. Please use -XX:HeapBaseMinAddress
#     to set the Java Heap base and to place the Java Heap above 32GB virtual address.
# This output file may be truncated or incomplete.
#
#  Out of Memory Error (allocation.cpp:389), pid=28088, tid=0x0000000000004f50
#
# JRE version: OpenJDK Runtime Environment (Zulu 8.70.0.23-CA-win64) (8.0_372-b07) (build 1.8.0_372-b07)
# Java VM: OpenJDK 64-Bit Server VM (25.372-b07 mixed mode windows-amd64 compressed oops)
# Failed to write core dump. Minidumps are not enabled by default on client versions of Windows
#

---------------  T H R E A D  ---------------

Current thread (0x0000029d7c5fd800):  JavaThread "C2 CompilerThread1" daemon [_thread_in_native, id=20304, stack(0x000000c0d0100000,0x000000c0d0200000)]

Stack: [0x000000c0d0100000,0x000000c0d0200000]
[error occurred during error reporting (printing stack bounds), id 0xc0000005]

Native frames: (J=compiled Java code, j=interpreted, Vv=VM code, C=native code)


Current CompileTask:
C2:  19228 2210       4       javax.swing.GroupLayout$ComponentSpring::getBaseline (61 bytes)


---------------  P R O C E S S  ---------------

Java Threads: ( => current thread )
  0x0000029d17cf4000 JavaThread "TimerQueue" daemon [_thread_blocked, id=13956, stack(0x000000c0d14b0000,0x000000c0d15b0000)]
  0x0000029d179df800 JavaThread "D3D Screen Updater" daemon [_thread_blocked, id=23396, stack(0x000000c0d13a0000,0x000000c0d14a0000)]
  0x0000029d17c05000 JavaThread "GC Daemon" daemon [_thread_blocked, id=22580, stack(0x000000c0d12a0000,0x000000c0d13a0000)]
  0x0000029d17b8d800 JavaThread "RMI RenewClean-[192.168.1.141:55545]" daemon [_thread_blocked, id=18672, stack(0x000000c0d11a0000,0x000000c0d12a0000)]
  0x0000029d17b91800 JavaThread "RMI Scheduler(0)" daemon [_thread_blocked, id=24012, stack(0x000000c0d10a0000,0x000000c0d11a0000)]
  0x0000029d708db000 JavaThread "DestroyJavaVM" [_thread_blocked, id=3560, stack(0x000000c0cf000000,0x000000c0cf100000)]
  0x0000029d7f0af800 JavaThread "AWT-EventQueue-0" [_thread_in_native, id=14608, stack(0x000000c0d0900000,0x000000c0d0a00000)]
  0x0000029d7f09a800 JavaThread "AWT-Windows" daemon [_thread_in_native, id=15460, stack(0x000000c0d0800000,0x000000c0d0900000)]
  0x0000029d7f09a000 JavaThread "AWT-Shutdown" [_thread_blocked, id=21852, stack(0x000000c0d0700000,0x000000c0d0800000)]
  0x0000029d7f099000 JavaThread "Java2D Disposer" daemon [_thread_blocked, id=6332, stack(0x000000c0d0600000,0x000000c0d0700000)]
  0x0000029d7eb14800 JavaThread "Service Thread" daemon [_thread_blocked, id=8288, stack(0x000000c0d0400000,0x000000c0d0500000)]
  0x0000029d7c608000 JavaThread "C1 CompilerThread3" daemon [_thread_blocked, id=3152, stack(0x000000c0d0300000,0x000000c0d0400000)]
  0x0000029d7c605000 JavaThread "C2 CompilerThread2" daemon [_thread_blocked, id=24464, stack(0x000000c0d0200000,0x000000c0d0300000)]
=>0x0000029d7c5fd800 JavaThread "C2 CompilerThread1" daemon [_thread_in_native, id=20304, stack(0x000000c0d0100000,0x000000c0d0200000)]
  0x0000029d7c602800 JavaThread "C2 CompilerThread0" daemon [_thread_blocked, id=4680, stack(0x000000c0d0000000,0x000000c0d0100000)]
  0x0000029d7c5f3000 JavaThread "Attach Listener" daemon [_thread_blocked, id=5496, stack(0x000000c0cff00000,0x000000c0d0000000)]
  0x0000029d7c5f2000 JavaThread "Signal Dispatcher" daemon [_thread_blocked, id=22440, stack(0x000000c0cfe00000,0x000000c0cff00000)]
  0x0000029d7c5c1800 JavaThread "Finalizer" daemon [_thread_blocked, id=13156, stack(0x000000c0cfd00000,0x000000c0cfe00000)]
  0x0000029d7c5ba800 JavaThread "Reference Handler" daemon [_thread_blocked, id=7156, stack(0x000000c0cfc00000,0x000000c0cfd00000)]

Other Threads:
  0x0000029d7c592800 VMThread [stack: 0x000000c0cfb00000,0x000000c0cfc00000] [id=27640]
  0x0000029d7eb27800 WatcherThread [stack: 0x000000c0d0500000,0x000000c0d0600000] [id=11932]

VM state:not at safepoint (normal execution)

VM Mutex/Monitor currently owned by a thread: None

heap address: 0x00000006c2400000, size: 4060 MB, Compressed Oops mode: Zero based, Oop shift amount: 3
Narrow klass base: 0x0000000000000000, Narrow klass shift: 3
Compressed class space size: 1073741824 Address: 0x00000007c0000000

Heap:
 PSYoungGen      total 75776K, used 40527K [0x000000076b700000, 0x0000000770b80000, 0x00000007c0000000)
  eden space 65024K, 62% used [0x000000076b700000,0x000000076de93d18,0x000000076f680000)
  from space 10752K, 0% used [0x000000076f680000,0x000000076f680000,0x0000000770100000)
  to   space 10752K, 0% used [0x0000000770100000,0x0000000770100000,0x0000000770b80000)
 ParOldGen       total 173568K, used 3075K [0x00000006c2400000, 0x00000006ccd80000, 0x000000076b700000)
  object space 173568K, 1% used [0x00000006c2400000,0x00000006c2700d50,0x00000006ccd80000)
 Metaspace       used 18422K, capacity 18742K, committed 18944K, reserved 1064960K
  class space    used 2348K, capacity 2436K, committed 2560K, reserved 1048576K

Card table byte_map: [0x0000029d72810000,0x0000029d73000000] byte_map_base: 0x0000029d6f1fe000

Marking Bits: (ParMarkBitMap*) 0x00000000566563a0
 Begin Bits: [0x0000029d73550000, 0x0000029d774c0000)
 End Bits:   [0x0000029d774c0000, 0x0000029d7b430000)

Polling page: 0x0000029d70890000

CodeCache: size=245760Kb used=7463Kb max_used=7463Kb free=238296Kb
 bounds [0x0000029d00000000, 0x0000029d00750000, 0x0000029d0f000000]
 total_blobs=2756 nmethods=2187 adapters=478
 compilation: enabled

Compilation events (10 events):
Event: 16.190 Thread 0x0000029d7c608000 nmethod 2203 0x0000029d007380d0 code [0x0000029d00738220, 0x0000029d00738338]
Event: 16.190 Thread 0x0000029d7c608000 2215       1       java.util.Collections$EmptyList::isEmpty (2 bytes)
Event: 16.190 Thread 0x0000029d7c608000 nmethod 2215 0x0000029d00748610 code [0x0000029d00748760, 0x0000029d00748878]
Event: 16.191 Thread 0x0000029d7c608000 2217   !   3       javax.swing.RepaintManager::addDirtyRegion0 (205 bytes)
Event: 16.192 Thread 0x0000029d7c605000 nmethod 2214 0x0000029d0074c610 code [0x0000029d0074c780, 0x0000029d0074c9f8]
Event: 16.192 Thread 0x0000029d7c608000 nmethod 2217 0x0000029d00749e10 code [0x0000029d0074a0e0, 0x0000029d0074bc00]
Event: 16.192 Thread 0x0000029d7c608000 2218       3       sun.java2d.pipe.Region::clipScale (41 bytes)
Event: 16.192 Thread 0x0000029d7c608000 nmethod 2218 0x0000029d00747d50 code [0x0000029d00747ee0, 0x0000029d007481b0]
Event: 16.198 Thread 0x0000029d7c608000 2219       3       java.awt.image.PackedColorModel::DecomposeMask (147 bytes)
Event: 16.199 Thread 0x0000029d7c608000 nmethod 2219 0x0000029d0074cd90 code [0x0000029d0074d040, 0x0000029d0074e010]

GC Heap History (4 events):
Event: 1.420 GC heap before
{Heap before GC invocations=1 (full 0):
 PSYoungGen      total 75776K, used 14306K [0x000000076b700000, 0x0000000770b80000, 0x00000007c0000000)
  eden space 65024K, 22% used [0x000000076b700000,0x000000076c4f88c0,0x000000076f680000)
  from space 10752K, 0% used [0x0000000770100000,0x0000000770100000,0x0000000770b80000)
  to   space 10752K, 0% used [0x000000076f680000,0x000000076f680000,0x0000000770100000)
 ParOldGen       total 173568K, used 0K [0x00000006c2400000, 0x00000006ccd80000, 0x000000076b700000)
  object space 173568K, 0% used [0x00000006c2400000,0x00000006c2400000,0x00000006ccd80000)
 Metaspace       used 15042K, capacity 15244K, committed 15616K, reserved 1062912K
  class space    used 1919K, capacity 2006K, committed 2048K, reserved 1048576K
Event: 1.423 GC heap after
Heap after GC invocations=1 (full 0):
 PSYoungGen      total 75776K, used 3866K [0x000000076b700000, 0x0000000770b80000, 0x00000007c0000000)
  eden space 65024K, 0% used [0x000000076b700000,0x000000076b700000,0x000000076f680000)
  from space 10752K, 35% used [0x000000076f680000,0x000000076fa46840,0x0000000770100000)
  to   space 10752K, 0% used [0x0000000770100000,0x0000000770100000,0x0000000770b80000)
 ParOldGen       total 173568K, used 16K [0x00000006c2400000, 0x00000006ccd80000, 0x000000076b700000)
  object space 173568K, 0% used [0x00000006c2400000,0x00000006c2404000,0x00000006ccd80000)
 Metaspace       used 15042K, capacity 15244K, committed 15616K, reserved 1062912K
  class space    used 1919K, capacity 2006K, committed 2048K, reserved 1048576K
}
Event: 1.423 GC heap before
{Heap before GC invocations=2 (full 1):
 PSYoungGen      total 75776K, used 3866K [0x000000076b700000, 0x0000000770b80000, 0x00000007c0000000)
  eden space 65024K, 0% used [0x000000076b700000,0x000000076b700000,0x000000076f680000)
  from space 10752K, 35% used [0x000000076f680000,0x000000076fa46840,0x0000000770100000)
  to   space 10752K, 0% used [0x0000000770100000,0x0000000770100000,0x0000000770b80000)
 ParOldGen       total 173568K, used 16K [0x00000006c2400000, 0x00000006ccd80000, 0x000000076b700000)
  object space 173568K, 0% used [0x00000006c2400000,0x00000006c2404000,0x00000006ccd80000)
 Metaspace       used 15042K, capacity 15244K, committed 15616K, reserved 1062912K
  class space    used 1919K, capacity 2006K, committed 2048K, reserved 1048576K
Event: 1.439 GC heap after
Heap after GC invocations=2 (full 1):
 PSYoungGen      total 75776K, used 0K [0x000000076b700000, 0x0000000770b80000, 0x00000007c0000000)
  eden space 65024K, 0% used [0x000000076b700000,0x000000076b700000,0x000000076f680000)
  from space 10752K, 0% used [0x000000076f680000,0x000000076f680000,0x0000000770100000)
  to   space 10752K, 0% used [0x0000000770100000,0x0000000770100000,0x0000000770b80000)
 ParOldGen       total 173568K, used 3075K [0x00000006c2400000, 0x00000006ccd80000, 0x000000076b700000)
  object space 173568K, 1% used [0x00000006c2400000,0x00000006c2700d50,0x00000006ccd80000)
 Metaspace       used 15042K, capacity 15244K, committed 15616K, reserved 1062912K
  class space    used 1919K, capacity 2006K, committed 2048K, reserved 1048576K
}

Deoptimization events (10 events):
Event: 11.505 Thread 0x0000029d7f0af800 Uncommon trap: reason=unstable_if action=reinterpret pc=0x0000029d001e0ebc method=java.util.HashMap.getNode(ILjava/lang/Object;)Ljava/util/HashMap$Node; @ 84
Event: 11.505 Thread 0x0000029d7f0af800 Uncommon trap: reason=unstable_if action=reinterpret pc=0x0000029d001e2f30 method=java.util.HashMap.getNode(ILjava/lang/Object;)Ljava/util/HashMap$Node; @ 84
Event: 11.850 Thread 0x0000029d7f0af800 Uncommon trap: reason=null_check action=make_not_entrant pc=0x0000029d005ba6a4 method=javax.swing.plaf.nimbus.NimbusDefaults$LazyStyle.matches(Ljava/awt/Component;I)Z @ 39
Event: 11.851 Thread 0x0000029d7f0af800 Uncommon trap: reason=class_check action=maybe_recompile pc=0x0000029d004f0c30 method=javax.swing.UIDefaults.getFromHashtable(Ljava/lang/Object;)Ljava/lang/Object; @ 92
Event: 11.853 Thread 0x0000029d7f0af800 Uncommon trap: reason=unstable_if action=reinterpret pc=0x0000029d0046b464 method=java.util.HashMap.resize()[Ljava/util/HashMap$Node; @ 206
Event: 11.854 Thread 0x0000029d7f0af800 Uncommon trap: reason=class_check action=maybe_recompile pc=0x0000029d004f0c30 method=javax.swing.UIDefaults.getFromHashtable(Ljava/lang/Object;)Ljava/lang/Object; @ 92
Event: 11.855 Thread 0x0000029d7f0af800 Uncommon trap: reason=class_check action=maybe_recompile pc=0x0000029d004f0c30 method=javax.swing.UIDefaults.getFromHashtable(Ljava/lang/Object;)Ljava/lang/Object; @ 92
Event: 11.859 Thread 0x0000029d7f0af800 Uncommon trap: reason=class_check action=maybe_recompile pc=0x0000029d004f0c30 method=javax.swing.UIDefaults.getFromHashtable(Ljava/lang/Object;)Ljava/lang/Object; @ 92
Event: 12.126 Thread 0x0000029d7f0af800 Uncommon trap: reason=class_check action=maybe_recompile pc=0x0000029d00543150 method=javax.swing.RepaintManager.addDirtyRegion0(Ljava/awt/Container;IIII)V @ 91
Event: 16.182 Thread 0x0000029d7f0af800 Uncommon trap: reason=unstable_if action=reinterpret pc=0x0000029d00542d70 method=javax.swing.RepaintManager.addDirtyRegion0(Ljava/awt/Container;IIII)V @ 69

Classes redefined (0 events):
No events

Internal exceptions (10 events):
Event: 0.343 Thread 0x0000029d708db000 Exception <a 'java/lang/ClassNotFoundException': ToolTip> (0x000000076bba5c50) thrown at [C:\jenkins\workspace\Zulu\zulu-platform-build\zulu-src.git\hotspot\src\share\vm\classfile\systemDictionary.cpp, line 220]
Event: 0.344 Thread 0x0000029d708db000 Exception <a 'java/lang/ClassNotFoundException': Tree> (0x000000076bba6870) thrown at [C:\jenkins\workspace\Zulu\zulu-platform-build\zulu-src.git\hotspot\src\share\vm\classfile\systemDictionary.cpp, line 220]
Event: 0.344 Thread 0x0000029d708db000 Exception <a 'java/lang/ClassNotFoundException': Tree> (0x000000076bba6fb0) thrown at [C:\jenkins\workspace\Zulu\zulu-platform-build\zulu-src.git\hotspot\src\share\vm\classfile\systemDictionary.cpp, line 220]
Event: 0.344 Thread 0x0000029d708db000 Exception <a 'java/lang/ClassNotFoundException': javax/swing/JTreeCell> (0x000000076bba7330) thrown at [C:\jenkins\workspace\Zulu\zulu-platform-build\zulu-src.git\hotspot\src\share\vm\classfile\systemDictionary.cpp, line 220]
Event: 0.344 Thread 0x0000029d708db000 Exception <a 'java/lang/ClassNotFoundException': TreeCell> (0x000000076bba77b8) thrown at [C:\jenkins\workspace\Zulu\zulu-platform-build\zulu-src.git\hotspot\src\share\vm\classfile\systemDictionary.cpp, line 220]
Event: 0.345 Thread 0x0000029d708db000 Exception <a 'java/lang/ClassNotFoundException': RootPane> (0x000000076bba8218) thrown at [C:\jenkins\workspace\Zulu\zulu-platform-build\zulu-src.git\hotspot\src\share\vm\classfile\systemDictionary.cpp, line 220]
Event: 1.444 Thread 0x0000029d7f0af800 Exception <a 'java/lang/NoSuchMethodError': <clinit>> (0x000000076b708310) thrown at [C:\jenkins\workspace\Zulu\zulu-platform-build\zulu-src.git\hotspot\src\share\vm\prims\jni.cpp, line 1614]
Event: 1.446 Thread 0x0000029d7f0af800 Exception <a 'java/lang/NoSuchMethodError': <clinit>> (0x000000076b722b58) thrown at [C:\jenkins\workspace\Zulu\zulu-platform-build\zulu-src.git\hotspot\src\share\vm\prims\jni.cpp, line 1614]
Event: 1.460 Thread 0x0000029d17b8d800 Exception <a 'java/lang/InterruptedException'> (0x000000076bacf708) thrown at [C:\jenkins\workspace\Zulu\zulu-platform-build\zulu-src.git\hotspot\src\share\vm\runtime\objectMonitor.cpp, line 1692]
Event: 11.850 Thread 0x0000029d7f0af800 Implicit null exception at 0x0000029d005b7221 to 0x0000029d005ba681

Events (10 events):
Event: 12.126 Thread 0x0000029d7f0af800 DEOPT PACKING pc=0x0000029d00543150 sp=0x000000c0d09fdd90
Event: 12.126 Thread 0x0000029d7f0af800 DEOPT UNPACKING pc=0x0000029d00045683 sp=0x000000c0d09fdd70 mode 2
Event: 16.180 Executing VM operation: RevokeBias
Event: 16.180 Executing VM operation: RevokeBias done
Event: 16.182 Thread 0x0000029d7f0af800 Uncommon trap: trap_request=0xffffff65 fr.pc=0x0000029d00542d70
Event: 16.182 Thread 0x0000029d7f0af800 DEOPT PACKING pc=0x0000029d00542d70 sp=0x000000c0d09fdc70
Event: 16.182 Thread 0x0000029d7f0af800 DEOPT UNPACKING pc=0x0000029d00045683 sp=0x000000c0d09fdc20 mode 2
Event: 16.844 Executing VM operation: RevokeBias
Event: 17.204 Executing VM operation: RevokeBias done
Event: 17.205 Thread 0x0000029d180ed000 Thread exited: 0x0000029d180ed000


Dynamic libraries:
0x00007ff722380000 - 0x00007ff7223d1000 	C:\Users\couly\OneDrive\Documents\NetBeansJDKs\zulu8.70.0.23-ca-jdk8.0.372-win_x64\zulu8.70.0.23-ca-jdk8.0.372-win_x64\bin\java.exe
0x00007ff9188f0000 - 0x00007ff918b1e000 	C:\WINDOWS\SYSTEM32\ntdll.dll
0x00007ff917810000 - 0x00007ff9178d6000 	C:\WINDOWS\System32\KERNEL32.DLL
0x00007ff9161f0000 - 0x00007ff91654a000 	C:\WINDOWS\System32\KERNELBASE.dll
0x00007ff918420000 - 0x00007ff9184d0000 	C:\WINDOWS\System32\ADVAPI32.dll
0x00007ff916d60000 - 0x00007ff916e07000 	C:\WINDOWS\System32\msvcrt.dll
0x00007ff918620000 - 0x00007ff9186c0000 	C:\WINDOWS\System32\sechost.dll
0x00007ff917a30000 - 0x00007ff917b55000 	C:\WINDOWS\System32\RPCRT4.dll
0x00007ff916ba0000 - 0x00007ff916d51000 	C:\WINDOWS\System32\USER32.dll
0x00007ff916080000 - 0x00007ff9160a7000 	C:\WINDOWS\System32\win32u.dll
0x00007ff916e20000 - 0x00007ff916e49000 	C:\WINDOWS\System32\GDI32.dll
0x00007ff915ea0000 - 0x00007ff915fbf000 	C:\WINDOWS\System32\gdi32full.dll
0x00007ff915fd0000 - 0x00007ff916075000 	C:\WINDOWS\System32\msvcp_win.dll
0x00007ff9160b0000 - 0x00007ff9161e3000 	C:\WINDOWS\System32\ucrtbase.dll
0x00007ff9011c0000 - 0x00007ff901451000 	C:\WINDOWS\WinSxS\amd64_microsoft.windows.common-controls_6595b64144ccf1df_6.0.25915.1000_none_879502b3ab851761\COMCTL32.dll
0x00007ff917b60000 - 0x00007ff917b90000 	C:\WINDOWS\System32\IMM32.DLL
0x00007ff9093d0000 - 0x00007ff9093e5000 	C:\Users\couly\OneDrive\Documents\NetBeansJDKs\zulu8.70.0.23-ca-jdk8.0.372-win_x64\zulu8.70.0.23-ca-jdk8.0.372-win_x64\jre\bin\vcruntime140.dll
0x00007ff8e3c50000 - 0x00007ff8e3ceb000 	C:\Users\couly\OneDrive\Documents\NetBeansJDKs\zulu8.70.0.23-ca-jdk8.0.372-win_x64\zulu8.70.0.23-ca-jdk8.0.372-win_x64\jre\bin\msvcp140.dll
0x0000000055e60000 - 0x00000000566d1000 	C:\Users\couly\OneDrive\Documents\NetBeansJDKs\zulu8.70.0.23-ca-jdk8.0.372-win_x64\zulu8.70.0.23-ca-jdk8.0.372-win_x64\jre\bin\server\jvm.dll
0x00007ff918410000 - 0x00007ff918418000 	C:\WINDOWS\System32\PSAPI.DLL
0x00007ff8fc560000 - 0x00007ff8fc594000 	C:\WINDOWS\SYSTEM32\WINMM.dll
0x00007ff8df1f0000 - 0x00007ff8df1f9000 	C:\WINDOWS\SYSTEM32\WSOCK32.dll
0x00007ff912830000 - 0x00007ff91283a000 	C:\WINDOWS\SYSTEM32\VERSION.dll
0x00007ff918390000 - 0x00007ff918403000 	C:\WINDOWS\System32\WS2_32.dll
0x00007ff914c50000 - 0x00007ff914c68000 	C:\WINDOWS\SYSTEM32\kernel.appcore.dll
0x00007ff912da0000 - 0x00007ff912db0000 	C:\Users\couly\OneDrive\Documents\NetBeansJDKs\zulu8.70.0.23-ca-jdk8.0.372-win_x64\zulu8.70.0.23-ca-jdk8.0.372-win_x64\jre\bin\verify.dll
0x00007ff909320000 - 0x00007ff90934b000 	C:\Users\couly\OneDrive\Documents\NetBeansJDKs\zulu8.70.0.23-ca-jdk8.0.372-win_x64\zulu8.70.0.23-ca-jdk8.0.372-win_x64\jre\bin\java.dll
0x00007ff9091f0000 - 0x00007ff909208000 	C:\Users\couly\OneDrive\Documents\NetBeansJDKs\zulu8.70.0.23-ca-jdk8.0.372-win_x64\zulu8.70.0.23-ca-jdk8.0.372-win_x64\jre\bin\zip.dll
0x00007ff917bb0000 - 0x00007ff918331000 	C:\WINDOWS\System32\SHELL32.dll
0x00007ff913c40000 - 0x00007ff914492000 	C:\WINDOWS\SYSTEM32\windows.storage.dll
0x00007ff916e50000 - 0x00007ff9171ca000 	C:\WINDOWS\System32\combase.dll
0x00007ff9186d0000 - 0x00007ff9187a3000 	C:\WINDOWS\System32\SHCORE.dll
0x00007ff917770000 - 0x00007ff9177cc000 	C:\WINDOWS\System32\shlwapi.dll
0x00007ff915c50000 - 0x00007ff915c73000 	C:\WINDOWS\SYSTEM32\profapi.dll
0x00007ff8cffb0000 - 0x00007ff8d0144000 	C:\Users\couly\OneDrive\Documents\NetBeansJDKs\zulu8.70.0.23-ca-jdk8.0.372-win_x64\zulu8.70.0.23-ca-jdk8.0.372-win_x64\jre\bin\awt.dll
0x00007ff917690000 - 0x00007ff917765000 	C:\WINDOWS\System32\OLEAUT32.dll
0x00007ff9122b0000 - 0x00007ff91234d000 	C:\WINDOWS\SYSTEM32\apphelp.dll
0x00007ff913000000 - 0x00007ff9130a7000 	C:\WINDOWS\system32\uxtheme.dll
0x00007ff8cd270000 - 0x00007ff8cd3a1000 	C:\ProgramData\A-Volute\A-Volute.SonicStudio3\Modules\ScheduledModules\x64\AudioDevProps2.dll
0x00007ff917250000 - 0x00007ff9173e2000 	C:\WINDOWS\System32\ole32.dll
0x00007ff9178e0000 - 0x00007ff917a21000 	C:\WINDOWS\System32\MSCTF.dll
0x00007ff916690000 - 0x00007ff916711000 	C:\WINDOWS\System32\bcryptPrimitives.dll
0x00007ff913460000 - 0x00007ff91348a000 	C:\WINDOWS\system32\DWMAPI.DLL
0x00007ff8d8840000 - 0x00007ff8d88e0000 	C:\Users\couly\OneDrive\Documents\NetBeansJDKs\zulu8.70.0.23-ca-jdk8.0.372-win_x64\zulu8.70.0.23-ca-jdk8.0.372-win_x64\jre\bin\freetype.dll
0x00007ff8f00a0000 - 0x00007ff8f00ec000 	C:\Users\couly\OneDrive\Documents\NetBeansJDKs\zulu8.70.0.23-ca-jdk8.0.372-win_x64\zulu8.70.0.23-ca-jdk8.0.372-win_x64\jre\bin\fontmanager.dll
0x00007ff8dd650000 - 0x00007ff8dd74e000 	C:\WINDOWS\system32\opengl32.dll
0x00007ff8dd620000 - 0x00007ff8dd64c000 	C:\WINDOWS\SYSTEM32\GLU32.dll
0x00007ff913300000 - 0x00007ff91333c000 	C:\WINDOWS\SYSTEM32\dxcore.dll
0x00007ff8db110000 - 0x00007ff8db2a9000 	C:\WINDOWS\system32\d3d9.dll
0x00007ff8ce910000 - 0x00007ff8ce9c0000 	C:\WINDOWS\System32\DriverStore\FileRepository\nvam.inf_amd64_4c9ded46d0fbe1f8\nvldumdx.dll
0x00007ff9154b0000 - 0x00007ff9154c2000 	C:\WINDOWS\SYSTEM32\msasn1.dll
0x00007ff90fb80000 - 0x00007ff90fbba000 	C:\WINDOWS\SYSTEM32\cryptnet.dll
0x00007ff915d20000 - 0x00007ff915e94000 	C:\WINDOWS\System32\CRYPT32.dll
0x00007ff9155d0000 - 0x00007ff9155f8000 	C:\WINDOWS\SYSTEM32\bcrypt.dll
0x00007ff906bd0000 - 0x00007ff906d33000 	C:\WINDOWS\SYSTEM32\drvstore.dll
0x00007ff9158d0000 - 0x00007ff9158fc000 	C:\WINDOWS\SYSTEM32\devobj.dll
0x00007ff915900000 - 0x00007ff915950000 	C:\WINDOWS\SYSTEM32\cfgmgr32.dll
0x00007ff915440000 - 0x00007ff91549f000 	C:\WINDOWS\SYSTEM32\wldp.dll
0x00007ff9153a0000 - 0x00007ff9153ac000 	C:\WINDOWS\SYSTEM32\cryptbase.dll
0x00007ff916550000 - 0x00007ff9165c2000 	C:\WINDOWS\System32\WINTRUST.DLL
0x00007ff9177e0000 - 0x00007ff9177ff000 	C:\WINDOWS\System32\imagehlp.dll
0x00007ff915380000 - 0x00007ff91539b000 	C:\WINDOWS\SYSTEM32\CRYPTSP.dll
0x00007ff914bb0000 - 0x00007ff914be7000 	C:\WINDOWS\system32\rsaenh.dll
0x00007ff8910b0000 - 0x00007ff89283c000 	C:\WINDOWS\System32\DriverStore\FileRepository\nvam.inf_amd64_4c9ded46d0fbe1f8\nvd3dumx.dll
0x00007ff910b40000 - 0x00007ff910b92000 	C:\WINDOWS\SYSTEM32\directxdatabasehelper.dll
0x00007ff8cb240000 - 0x00007ff8cb3ec000 	C:\WINDOWS\System32\DriverStore\FileRepository\14_asus_coffeelake_hws_iigd_dch.inf_amd64_5b858cf2f92bf5ec\igdumdim64.dll
0x00007ff88c850000 - 0x00007ff8910ab000 	C:\WINDOWS\System32\DriverStore\FileRepository\14_asus_coffeelake_hws_iigd_dch.inf_amd64_5b858cf2f92bf5ec\igd9dxva64.dll
0x00007ff916720000 - 0x00007ff916b97000 	C:\WINDOWS\System32\SETUPAPI.dll
0x00007ff90e910000 - 0x00007ff90ed1a000 	C:\WINDOWS\System32\DriverStore\FileRepository\14_asus_coffeelake_hws_iigd_dch.inf_amd64_5b858cf2f92bf5ec\igdgmm64.dll
0x00007ff8d4420000 - 0x00007ff8d46d2000 	C:\WINDOWS\system32\nvspcap64.dll
0x00007ff908600000 - 0x00007ff908634000 	C:\WINDOWS\SYSTEM32\ntmarta.dll
0x00007ff915170000 - 0x00007ff915196000 	C:\WINDOWS\SYSTEM32\gpapi.dll
0x00007ff918570000 - 0x00007ff918618000 	C:\WINDOWS\System32\clbcatq.dll
0x00007ff912950000 - 0x00007ff912b69000 	C:\WINDOWS\SYSTEM32\WindowsCodecs.dll
0x00007ff8d6960000 - 0x00007ff8d69b9000 	C:\WINDOWS\system32\dataexchange.dll
0x00007ff909e40000 - 0x00007ff90a061000 	C:\WINDOWS\system32\twinapi.appcore.dll
0x00007ff909030000 - 0x00007ff90904c000 	C:\Users\couly\OneDrive\Documents\NetBeansJDKs\zulu8.70.0.23-ca-jdk8.0.372-win_x64\zulu8.70.0.23-ca-jdk8.0.372-win_x64\jre\bin\net.dll
0x00007ff9150e0000 - 0x00007ff915148000 	C:\WINDOWS\system32\mswsock.dll
0x00007ff8f7ac0000 - 0x00007ff8f7ad3000 	C:\Users\couly\OneDrive\Documents\NetBeansJDKs\zulu8.70.0.23-ca-jdk8.0.372-win_x64\zulu8.70.0.23-ca-jdk8.0.372-win_x64\jre\bin\nio.dll
0x00007ff9151e0000 - 0x00007ff91520a000 	C:\WINDOWS\SYSTEM32\USERENV.dll
0x00007ff9146a0000 - 0x00007ff9146cf000 	C:\WINDOWS\SYSTEM32\IPHLPAPI.DLL
0x00007ff917ba0000 - 0x00007ff917baa000 	C:\WINDOWS\System32\NSI.dll
0x00007ff906fc0000 - 0x00007ff906fd9000 	C:\WINDOWS\SYSTEM32\dhcpcsvc6.DLL
0x00007ff906f90000 - 0x00007ff906faf000 	C:\WINDOWS\SYSTEM32\dhcpcsvc.DLL
0x00007ff9146e0000 - 0x00007ff9147ef000 	C:\WINDOWS\SYSTEM32\DNSAPI.dll
0x00007ff8de1f0000 - 0x00007ff8de207000 	C:\WINDOWS\system32\napinsp.dll
0x00007ff8de1d0000 - 0x00007ff8de1ed000 	C:\WINDOWS\system32\pnrpnsp.dll
0x00007ff8dcfe0000 - 0x00007ff8dd001000 	C:\WINDOWS\system32\nlansp_c.dll
0x00007ff8dcfc0000 - 0x00007ff8dcfd2000 	C:\WINDOWS\System32\winrnr.dll
0x00007ff906b20000 - 0x00007ff906b35000 	C:\WINDOWS\system32\wshbth.dll
0x00007ff90fbc0000 - 0x00007ff90fbca000 	C:\Windows\System32\rasadhlp.dll
0x00007ff906320000 - 0x00007ff9063a2000 	C:\WINDOWS\System32\fwpuclnt.dll
0x00007ff8fcea0000 - 0x00007ff8fcfcc000 	C:\WINDOWS\SYSTEM32\textinputframework.dll
0x00007ff912430000 - 0x00007ff912542000 	C:\WINDOWS\SYSTEM32\CoreMessaging.dll
0x00007ff910220000 - 0x00007ff91054e000 	C:\WINDOWS\SYSTEM32\CoreUIComponents.dll
0x00007ff9100b0000 - 0x00007ff910217000 	C:\WINDOWS\SYSTEM32\wintypes.dll
0x00007ff8f4bc0000 - 0x00007ff8f4bed000 	C:\Users\couly\OneDrive\Documents\NetBeansJDKs\zulu8.70.0.23-ca-jdk8.0.372-win_x64\zulu8.70.0.23-ca-jdk8.0.372-win_x64\jre\bin\jpeg.dll

VM Arguments:
jvm_args: -Dfile.encoding=UTF-8 
java_command: ui.Login
java_class_path (initial): C:\Users\couly\OneDrive\Documents\NetBeansProjects\AppMuseeLibrary\build\classes;C:\Users\couly\OneDrive\Documents\NetBeansProjects\MySqlJdbcDriver\mysql-connector-j-8.0.31.jar;C:\Program Files\NetBeans-15\netbeans\java\modules\ext\eclipselink\jakarta.persistence-2.2.3.jar;C:\Program Files\NetBeans-15\netbeans\java\modules\ext\eclipselink\org.eclipse.persistence.jpa.modelgen.processor-2.7.10.jar;C:\Program Files\NetBeans-15\netbeans\java\modules\ext\eclipselink\org.eclipse.persistence.core-2.7.10.jar;C:\Program Files\NetBeans-15\netbeans\java\modules\ext\eclipselink\org.eclipse.persistence.asm-9.2.0.jar;C:\Program Files\NetBeans-15\netbeans\java\modules\ext\eclipselink\org.eclipse.persistence.antlr-2.7.10.jar;C:\Program Files\NetBeans-15\netbeans\java\modules\ext\eclipselink\org.eclipse.persistence.jpa-2.7.10.jar;C:\Program Files\NetBeans-15\netbeans\java\modules\ext\eclipselink\org.eclipse.persistence.jpa.jpql-2.7.10.jar;C:\Program Files\NetBeans-15\netbeans\java\modules\ext\eclipselink\org.eclipse.persistence.moxy-2.7.10.jar;C:\Program Files\NetBeans-15\netbeans\java\modules\ext\AbsoluteLayout.jar;C:\Users\couly\Downloads\jcalendar-1.4.jar.zip;C:\Users\couly\Downloads\jcalendar-1.4.jar\jcalendar-1.4.jar;C:\Users\couly\OneDrive\Documents\NetBeansProjects\Client-Server\RHClient\build\classes;C:\Users\couly\Downloads\itextpdf-5.4.0.jar\itextpdf-5.4.0.jar;C:\Users\couly\Downloads\itextpdf-5.2.1-sources.jar.zip;C:\Users\couly\OneDrive\Documents\NetBeansProjects\AppMuseeServer\build\classes;C:\Users\couly\OneDrive\Documents\NetBeansProjects\AppMuseeClient\build\classes
Launcher Type: SUN_STANDARD

Environment Variables:
PATH=C:\Program Files (x86)\Common Files\Oracle\Java\javapath;C:\Program Files\Common Files\Oracle\Java\javapath;C:\Windows\system32;C:\Windows;C:\Windows\System32\Wbem;C:\Windows\System32\WindowsPowerShell\v1.0\;C:\Windows\System32\OpenSSH\;C:\Program Files (x86)\NVIDIA Corporation\PhysX\Common;C:\Program Files\NVIDIA Corporation\NVIDIA NvDLISR;C:\WINDOWS\system32;C:\WINDOWS;C:\WINDOWS\System32\Wbem;C:\WINDOWS\System32\WindowsPowerShell\v1.0\;C:\WINDOWS\System32\OpenSSH\;C:\Program Files\dotnet\;C:\xampp\php;C:\composer;C:\Program Files\Git\cmd;C:\Program Files\nodejs\;C:\Program Files (x86)\Microsoft SQL Server\160\Tools\Binn\;C:\Program Files\Microsoft SQL Server\160\Tools\Binn\;C:\Program Files\Microsoft SQL Server\Client SDK\ODBC\170\Tools\Binn\;C:\Program Files\Microsoft SQL Server\160\DTS\Binn\;C:\Program Files (x86)\Microsoft SQL Server\160\DTS\Binn\;C:\Program Files\Azure Data Studio\bin;C:\Program Files\Microsoft SQL Server\150\Tools\Binn\;C:\Users\couly\AppData\Local\Microsoft\WindowsApps;C:\Users\couly\AppData\Local\Programs\Microsoft VS Code\bin;C:\Users\couly\.dotnet\tools;C:\Users\couly\AppData\Roaming\Composer\vendor\bin;C:\Users\couly\AppData\Roaming\npm;C:\Program Files\Azure Data Studio\bin;
USERNAME=couly
OS=Windows_NT
PROCESSOR_IDENTIFIER=Intel64 Family 6 Model 158 Stepping 10, GenuineIntel



---------------  S Y S T E M  ---------------

OS: Windows 11 , 64 bit Build 25915 (10.0.25915.1000)

CPU:total 12 (initial active 12) (6 cores per cpu, 2 threads per core) family 6 model 158 stepping 10, cmov, cx8, fxsr, mmx, sse, sse2, sse3, ssse3, sse4.1, sse4.2, popcnt, avx, avx2, aes, clmul, erms, 3dnowpref, lzcnt, ht, tsc, tscinvbit, bmi1, bmi2, adx

Memory: 4k page, physical 16623220k(5716408k free), swap 16624244k(6128k free)

vm_info: OpenJDK 64-Bit Server VM (25.372-b07) for windows-amd64 JRE (Zulu 8.70.0.23-CA-win64) (1.8.0_372-b07), built on Apr 18 2023 08:42:41 by "tester" with MS VC++ 15.9 (VS2017)

time: Sun Jul 30 23:28:09 2023
timezone: Greenwich
elapsed time: 19.238759 seconds (0d 0h 0m 19s)

